2021-04-03 13:52:37,869 DEBUG    root            Loaded Command Group: ['gcloud', 'auth']
2021-04-03 13:52:37,978 DEBUG    root            Loaded Command Group: ['gcloud', 'auth', 'login']
2021-04-03 13:52:37,981 DEBUG    root            Running [gcloud.auth.login] with arguments: []
2021-04-03 13:52:38,004 DEBUG    requests_oauthlib.oauth2_session Generated new state LwfsKFuNj5iyILXlWjB55IrsXCLzmL.
2021-04-03 13:52:38,011 INFO     ___FILE_ONLY___ Your browser has been opened to visit:

    https://accounts.google.com/o/oauth2/auth?response_type=code&client_id=32555940559.apps.googleusercontent.com&redirect_uri=http%3A%2F%2Flocalhost%3A8085%2F&scope=openid+https%3A%2F%2Fwww.googleapis.com%2Fauth%2Fuserinfo.email+https%3A%2F%2Fwww.googleapis.com%2Fauth%2Fcloud-platform+https%3A%2F%2Fwww.googleapis.com%2Fauth%2Fappengine.admin+https%3A%2F%2Fwww.googleapis.com%2Fauth%2Fcompute+https%3A%2F%2Fwww.googleapis.com%2Fauth%2Faccounts.reauth&state=LwfsKFuNj5iyILXlWjB55IrsXCLzmL&access_type=offline&code_challenge=t5SRMH8DJ_0v5jq4f82s9ie3L1I51JGvD3Y8DaYFqSE&code_challenge_method=S256


2021-04-03 13:52:49,031 INFO     google_auth_oauthlib.flow "GET /?state=LwfsKFuNj5iyILXlWjB55IrsXCLzmL&code=4/0AY0e-g6PDbR9bybbRkz825UX6i3yma3xS-7SFp8hsiMyDZ1H67pam4inF7Y6LBvFhcnX-Q&scope=email%20openid%20https://www.googleapis.com/auth/userinfo.email%20https://www.googleapis.com/auth/cloud-platform%20https://www.googleapis.com/auth/appengine.admin%20https://www.googleapis.com/auth/compute%20https://www.googleapis.com/auth/accounts.reauth&authuser=0&prompt=consent HTTP/1.1" 200 959
2021-04-03 13:52:49,032 DEBUG    requests_oauthlib.oauth2_session Requesting url https://oauth2.googleapis.com/token using method POST.
2021-04-03 13:52:49,033 DEBUG    requests_oauthlib.oauth2_session Supplying headers {b'Accept': b'application/json', b'Content-Type': b'application/x-www-form-urlencoded;charset=UTF-8', b'user-agent': b'google-cloud-sdk gcloud/334.0.0 command/gcloud.auth.login invocation-id/89ea1bcf134d4dbd95b15b57de46d7bd environment/None environment-version/None interactive/True from-script/False python/3.9.2 term/xterm-256color (Linux 5.10.23-1-MANJARO)'} and data {'grant_type': 'authorization_code', 'client_id': '32555940559.apps.googleusercontent.com', 'client_secret': 'ZmssLNjJy2998hD4CTg2ejr2', 'code': '4/0AY0e-g6PDbR9bybbRkz825UX6i3yma3xS-7SFp8hsiMyDZ1H67pam4inF7Y6LBvFhcnX-Q', 'redirect_uri': 'http://localhost:8085/', 'code_verifier': '1V4yiALXrniXKW_87zB~0F75AcKZPcd8Vpg3ntIQj1qYd5PubxG2utFTLAZg8xu64xZGvODlhKw-7LKolqnkGM1Y3XhTRRQoXC.MAGHfUQcxt1.Lj844C9VxVZ4satNq'}
2021-04-03 13:52:49,033 DEBUG    requests_oauthlib.oauth2_session Passing through key word arguments {'json': None, 'timeout': None, 'auth': None, 'verify': True, 'proxies': None}.
2021-04-03 13:52:49,036 DEBUG    urllib3.connectionpool Starting new HTTPS connection (1): oauth2.googleapis.com:443
2021-04-03 13:52:49,694 DEBUG    urllib3.connectionpool https://oauth2.googleapis.com:443 "POST /token HTTP/1.1" 200 None
2021-04-03 13:52:49,695 DEBUG    requests_oauthlib.oauth2_session Prepared fetch token request body grant_type=authorization_code&client_id=32555940559.apps.googleusercontent.com&client_secret=ZmssLNjJy2998hD4CTg2ejr2&code=4%2F0AY0e-g6PDbR9bybbRkz825UX6i3yma3xS-7SFp8hsiMyDZ1H67pam4inF7Y6LBvFhcnX-Q&redirect_uri=http%3A%2F%2Flocalhost%3A8085%2F&code_verifier=1V4yiALXrniXKW_87zB~0F75AcKZPcd8Vpg3ntIQj1qYd5PubxG2utFTLAZg8xu64xZGvODlhKw-7LKolqnkGM1Y3XhTRRQoXC.MAGHfUQcxt1.Lj844C9VxVZ4satNq
2021-04-03 13:52:49,695 DEBUG    requests_oauthlib.oauth2_session Request to fetch token completed with status 200.
2021-04-03 13:52:49,696 DEBUG    requests_oauthlib.oauth2_session Request headers were {'user-agent': b'google-cloud-sdk gcloud/334.0.0 command/gcloud.auth.login invocation-id/89ea1bcf134d4dbd95b15b57de46d7bd environment/None environment-version/None interactive/True from-script/False python/3.9.2 term/xterm-256color (Linux 5.10.23-1-MANJARO)', 'Accept-Encoding': 'gzip, deflate', 'Accept': b'application/json', 'Connection': 'keep-alive', 'Content-Type': b'application/x-www-form-urlencoded;charset=UTF-8', 'Content-Length': '387'}
2021-04-03 13:52:49,696 DEBUG    requests_oauthlib.oauth2_session Request body was grant_type=authorization_code&client_id=32555940559.apps.googleusercontent.com&client_secret=ZmssLNjJy2998hD4CTg2ejr2&code=4%2F0AY0e-g6PDbR9bybbRkz825UX6i3yma3xS-7SFp8hsiMyDZ1H67pam4inF7Y6LBvFhcnX-Q&redirect_uri=http%3A%2F%2Flocalhost%3A8085%2F&code_verifier=1V4yiALXrniXKW_87zB~0F75AcKZPcd8Vpg3ntIQj1qYd5PubxG2utFTLAZg8xu64xZGvODlhKw-7LKolqnkGM1Y3XhTRRQoXC.MAGHfUQcxt1.Lj844C9VxVZ4satNq
2021-04-03 13:52:49,696 DEBUG    requests_oauthlib.oauth2_session Response headers were {'Expires': 'Mon, 01 Jan 1990 00:00:00 GMT', 'Pragma': 'no-cache', 'Cache-Control': 'no-cache, no-store, max-age=0, must-revalidate', 'Date': 'Sat, 03 Apr 2021 19:52:52 GMT', 'Content-Type': 'application/json; charset=utf-8', 'Vary': 'Origin, X-Origin, Referer', 'Content-Encoding': 'gzip', 'Server': 'scaffolding on HTTPServer2', 'X-XSS-Protection': '0', 'X-Frame-Options': 'SAMEORIGIN', 'X-Content-Type-Options': 'nosniff', 'Alt-Svc': 'h3-29=":443"; ma=2592000,h3-T051=":443"; ma=2592000,h3-Q050=":443"; ma=2592000,h3-Q046=":443"; ma=2592000,h3-Q043=":443"; ma=2592000,quic=":443"; ma=2592000; v="46,43"', 'Transfer-Encoding': 'chunked'} and content {
  "access_token": "ya29.a0AfH6SMA3FDYHD41fj6lfOqXlQX07ZJp4yGo8CYL_FdL-fw39j0hMlRxAV3XQh8yL7bQ3stbaRit28OJzM4LYhzrsEtdqL6tUy6i9e9BQ4FTaxCjC3-HbnHjPcA-z6etiHVoMp9JC04A52HuOkLIjR5CCOgchnSSWU5q9",
  "expires_in": 3599,
  "refresh_token": "1//06xmkPnuYl5DTCgYIARAAGAYSNwF-L9IrgTqZWeni275BGT59PQ2_b_6Ii5tUWCc9Njfm_eKqlBuCKjSYdx-5YSUdf63V56Bgv0w",
  "scope": "https://www.googleapis.com/auth/appengine.admin https://www.googleapis.com/auth/userinfo.email https://www.googleapis.com/auth/accounts.reauth https://www.googleapis.com/auth/compute openid https://www.googleapis.com/auth/cloud-platform",
  "token_type": "Bearer",
  "id_token": "eyJhbGciOiJSUzI1NiIsImtpZCI6IjEzZThkNDVhNDNjYjIyNDIxNTRjN2Y0ZGFmYWMyOTMzZmVhMjAzNzQiLCJ0eXAiOiJKV1QifQ.eyJpc3MiOiJodHRwczovL2FjY291bnRzLmdvb2dsZS5jb20iLCJhenAiOiIzMjU1NTk0MDU1OS5hcHBzLmdvb2dsZXVzZXJjb250ZW50LmNvbSIsImF1ZCI6IjMyNTU1OTQwNTU5LmFwcHMuZ29vZ2xldXNlcmNvbnRlbnQuY29tIiwic3ViIjoiMTA1NTU4ODM2NjgxODgxOTM4OTk3IiwiZW1haWwiOiJkYXBvLm9uYXdvbGVAZ21haWwuY29tIiwiZW1haWxfdmVyaWZpZWQiOnRydWUsImF0X2hhc2giOiJQUThuQU1rZjEwTjc4LV81ck0xY1pRIiwiaWF0IjoxNjE3NDc5NTcyLCJleHAiOjE2MTc0ODMxNzJ9.NTnL1lWwvpMaFEXShGn6skfOn3VCXJIPTSg9oRE2kc58cK6GDPHRva5m_iPThQQdHgdaimOo-weN5_rriXiBGT-ZJgycuqKuzPLzE-K--blA6m0tzRbN575n7UcnEEbyDb6Enu4aDKb_fFCo_fKwJwy-1HN25WnBJEDxizoMMasuWNZOupJ-qII0bLLK42sCH8HVlFo4Qu1N4vlalrMi2onmwNeQgJBmOpX8OPPBtIC67fOootchIsJeliLrycd5i7D-C3LVNKk9c4YLR-1yhqLCYuI6ePPqvAcxy-C4IyMXvgV6NvKZNN-TY-jutfdCJqkDddRE-hZKiLbdxsytTQ"
}.
2021-04-03 13:52:49,696 DEBUG    requests_oauthlib.oauth2_session Invoking 0 token response hooks.
2021-04-03 13:52:49,696 DEBUG    requests_oauthlib.oauth2_session Obtained token {'access_token': 'ya29.a0AfH6SMA3FDYHD41fj6lfOqXlQX07ZJp4yGo8CYL_FdL-fw39j0hMlRxAV3XQh8yL7bQ3stbaRit28OJzM4LYhzrsEtdqL6tUy6i9e9BQ4FTaxCjC3-HbnHjPcA-z6etiHVoMp9JC04A52HuOkLIjR5CCOgchnSSWU5q9', 'expires_in': 3599, 'refresh_token': '1//06xmkPnuYl5DTCgYIARAAGAYSNwF-L9IrgTqZWeni275BGT59PQ2_b_6Ii5tUWCc9Njfm_eKqlBuCKjSYdx-5YSUdf63V56Bgv0w', 'scope': ['https://www.googleapis.com/auth/appengine.admin', 'https://www.googleapis.com/auth/userinfo.email', 'https://www.googleapis.com/auth/accounts.reauth', 'https://www.googleapis.com/auth/compute', 'openid', 'https://www.googleapis.com/auth/cloud-platform'], 'token_type': 'Bearer', 'id_token': 'eyJhbGciOiJSUzI1NiIsImtpZCI6IjEzZThkNDVhNDNjYjIyNDIxNTRjN2Y0ZGFmYWMyOTMzZmVhMjAzNzQiLCJ0eXAiOiJKV1QifQ.eyJpc3MiOiJodHRwczovL2FjY291bnRzLmdvb2dsZS5jb20iLCJhenAiOiIzMjU1NTk0MDU1OS5hcHBzLmdvb2dsZXVzZXJjb250ZW50LmNvbSIsImF1ZCI6IjMyNTU1OTQwNTU5LmFwcHMuZ29vZ2xldXNlcmNvbnRlbnQuY29tIiwic3ViIjoiMTA1NTU4ODM2NjgxODgxOTM4OTk3IiwiZW1haWwiOiJkYXBvLm9uYXdvbGVAZ21haWwuY29tIiwiZW1haWxfdmVyaWZpZWQiOnRydWUsImF0X2hhc2giOiJQUThuQU1rZjEwTjc4LV81ck0xY1pRIiwiaWF0IjoxNjE3NDc5NTcyLCJleHAiOjE2MTc0ODMxNzJ9.NTnL1lWwvpMaFEXShGn6skfOn3VCXJIPTSg9oRE2kc58cK6GDPHRva5m_iPThQQdHgdaimOo-weN5_rriXiBGT-ZJgycuqKuzPLzE-K--blA6m0tzRbN575n7UcnEEbyDb6Enu4aDKb_fFCo_fKwJwy-1HN25WnBJEDxizoMMasuWNZOupJ-qII0bLLK42sCH8HVlFo4Qu1N4vlalrMi2onmwNeQgJBmOpX8OPPBtIC67fOootchIsJeliLrycd5i7D-C3LVNKk9c4YLR-1yhqLCYuI6ePPqvAcxy-C4IyMXvgV6NvKZNN-TY-jutfdCJqkDddRE-hZKiLbdxsytTQ', 'expires_at': 1617483168.6966927}.
2021-04-03 13:52:49,720 INFO     ___FILE_ONLY___ 
You are now logged in as [dapo.onawole@gmail.com].
Your current project is [None].  You can change this setting by running:
  $ gcloud config set project PROJECT_ID

2021-04-03 13:52:49,721 INFO     root            Display format: "none"
2021-04-03 13:52:49,886 DEBUG    root            SDK update checks are disabled.
