2021-04-03 13:50:12,178 DEBUG    root            Loaded Command Group: ['gcloud', 'components']
2021-04-03 13:50:12,182 DEBUG    root            Loaded Command Group: ['gcloud', 'components', 'list']
2021-04-03 13:50:12,184 DEBUG    root            Running [gcloud.components.list] with arguments: []
2021-04-03 13:50:13,130 INFO     ___FILE_ONLY___ 
Your current Cloud SDK version is: 334.0.0

2021-04-03 13:50:13,130 INFO     ___FILE_ONLY___ The latest available version is: 334.0.0

2021-04-03 13:50:13,130 INFO     ___FILE_ONLY___ 

2021-04-03 13:50:13,131 INFO     root            Display format: "table[box,title="Components"](state.name:label=Status,name:label=Name,id:label=ID,size.size(zero="",min=1048576):label=Size:align=right)"
2021-04-03 13:50:13,287 INFO     ___FILE_ONLY___ ┌────────────────────────────────────────────────────────────────────────────────────────────────────────────┐
2021-04-03 13:50:13,288 INFO     ___FILE_ONLY___ 

2021-04-03 13:50:13,288 INFO     ___FILE_ONLY___ │                                                 Components                                                 │
2021-04-03 13:50:13,288 INFO     ___FILE_ONLY___ 

2021-04-03 13:50:13,288 INFO     ___FILE_ONLY___ ├───────────────┬──────────────────────────────────────────────────────┬──────────────────────────┬──────────┤
2021-04-03 13:50:13,288 INFO     ___FILE_ONLY___ 

2021-04-03 13:50:13,288 INFO     ___FILE_ONLY___ │     Status    │                         Name                         │            ID            │   Size   │
2021-04-03 13:50:13,288 INFO     ___FILE_ONLY___ 

2021-04-03 13:50:13,288 INFO     ___FILE_ONLY___ ├───────────────┼──────────────────────────────────────────────────────┼──────────────────────────┼──────────┤
2021-04-03 13:50:13,288 INFO     ___FILE_ONLY___ 

2021-04-03 13:50:13,289 INFO     ___FILE_ONLY___ │ 
2021-04-03 13:50:13,289 INFO     ___FILE_ONLY___ Not Installed
2021-04-03 13:50:13,289 INFO     ___FILE_ONLY___  
2021-04-03 13:50:13,289 INFO     ___FILE_ONLY___ │ 
2021-04-03 13:50:13,289 INFO     ___FILE_ONLY___ App Engine Go Extensions                            
2021-04-03 13:50:13,289 INFO     ___FILE_ONLY___  
2021-04-03 13:50:13,289 INFO     ___FILE_ONLY___ │ 
2021-04-03 13:50:13,289 INFO     ___FILE_ONLY___ app-engine-go           
2021-04-03 13:50:13,289 INFO     ___FILE_ONLY___  
2021-04-03 13:50:13,289 INFO     ___FILE_ONLY___ │ 
2021-04-03 13:50:13,289 INFO     ___FILE_ONLY___  4.9 MiB
2021-04-03 13:50:13,289 INFO     ___FILE_ONLY___  
2021-04-03 13:50:13,289 INFO     ___FILE_ONLY___ │
2021-04-03 13:50:13,289 INFO     ___FILE_ONLY___ 

2021-04-03 13:50:13,290 INFO     ___FILE_ONLY___ │ 
2021-04-03 13:50:13,290 INFO     ___FILE_ONLY___ Not Installed
2021-04-03 13:50:13,290 INFO     ___FILE_ONLY___  
2021-04-03 13:50:13,290 INFO     ___FILE_ONLY___ │ 
2021-04-03 13:50:13,290 INFO     ___FILE_ONLY___ Appctl                                              
2021-04-03 13:50:13,290 INFO     ___FILE_ONLY___  
2021-04-03 13:50:13,290 INFO     ___FILE_ONLY___ │ 
2021-04-03 13:50:13,290 INFO     ___FILE_ONLY___ appctl                  
2021-04-03 13:50:13,290 INFO     ___FILE_ONLY___  
2021-04-03 13:50:13,291 INFO     ___FILE_ONLY___ │ 
2021-04-03 13:50:13,291 INFO     ___FILE_ONLY___ 21.0 MiB
2021-04-03 13:50:13,291 INFO     ___FILE_ONLY___  
2021-04-03 13:50:13,291 INFO     ___FILE_ONLY___ │
2021-04-03 13:50:13,291 INFO     ___FILE_ONLY___ 

2021-04-03 13:50:13,291 INFO     ___FILE_ONLY___ │ 
2021-04-03 13:50:13,291 INFO     ___FILE_ONLY___ Not Installed
2021-04-03 13:50:13,291 INFO     ___FILE_ONLY___  
2021-04-03 13:50:13,291 INFO     ___FILE_ONLY___ │ 
2021-04-03 13:50:13,291 INFO     ___FILE_ONLY___ Cloud Bigtable Command Line Tool                    
2021-04-03 13:50:13,291 INFO     ___FILE_ONLY___  
2021-04-03 13:50:13,291 INFO     ___FILE_ONLY___ │ 
2021-04-03 13:50:13,291 INFO     ___FILE_ONLY___ cbt                     
2021-04-03 13:50:13,291 INFO     ___FILE_ONLY___  
2021-04-03 13:50:13,291 INFO     ___FILE_ONLY___ │ 
2021-04-03 13:50:13,291 INFO     ___FILE_ONLY___  7.7 MiB
2021-04-03 13:50:13,291 INFO     ___FILE_ONLY___  
2021-04-03 13:50:13,291 INFO     ___FILE_ONLY___ │
2021-04-03 13:50:13,292 INFO     ___FILE_ONLY___ 

2021-04-03 13:50:13,292 INFO     ___FILE_ONLY___ │ 
2021-04-03 13:50:13,292 INFO     ___FILE_ONLY___ Not Installed
2021-04-03 13:50:13,292 INFO     ___FILE_ONLY___  
2021-04-03 13:50:13,292 INFO     ___FILE_ONLY___ │ 
2021-04-03 13:50:13,292 INFO     ___FILE_ONLY___ Cloud Bigtable Emulator                             
2021-04-03 13:50:13,292 INFO     ___FILE_ONLY___  
2021-04-03 13:50:13,292 INFO     ___FILE_ONLY___ │ 
2021-04-03 13:50:13,292 INFO     ___FILE_ONLY___ bigtable                
2021-04-03 13:50:13,292 INFO     ___FILE_ONLY___  
2021-04-03 13:50:13,292 INFO     ___FILE_ONLY___ │ 
2021-04-03 13:50:13,292 INFO     ___FILE_ONLY___  6.6 MiB
2021-04-03 13:50:13,292 INFO     ___FILE_ONLY___  
2021-04-03 13:50:13,292 INFO     ___FILE_ONLY___ │
2021-04-03 13:50:13,292 INFO     ___FILE_ONLY___ 

2021-04-03 13:50:13,292 INFO     ___FILE_ONLY___ │ 
2021-04-03 13:50:13,292 INFO     ___FILE_ONLY___ Not Installed
2021-04-03 13:50:13,292 INFO     ___FILE_ONLY___  
2021-04-03 13:50:13,292 INFO     ___FILE_ONLY___ │ 
2021-04-03 13:50:13,293 INFO     ___FILE_ONLY___ Cloud Datalab Command Line Tool                     
2021-04-03 13:50:13,293 INFO     ___FILE_ONLY___  
2021-04-03 13:50:13,293 INFO     ___FILE_ONLY___ │ 
2021-04-03 13:50:13,293 INFO     ___FILE_ONLY___ datalab                 
2021-04-03 13:50:13,293 INFO     ___FILE_ONLY___  
2021-04-03 13:50:13,293 INFO     ___FILE_ONLY___ │ 
2021-04-03 13:50:13,293 INFO     ___FILE_ONLY___  < 1 MiB
2021-04-03 13:50:13,293 INFO     ___FILE_ONLY___  
2021-04-03 13:50:13,293 INFO     ___FILE_ONLY___ │
2021-04-03 13:50:13,293 INFO     ___FILE_ONLY___ 

2021-04-03 13:50:13,293 INFO     ___FILE_ONLY___ │ 
2021-04-03 13:50:13,293 INFO     ___FILE_ONLY___ Not Installed
2021-04-03 13:50:13,293 INFO     ___FILE_ONLY___  
2021-04-03 13:50:13,293 INFO     ___FILE_ONLY___ │ 
2021-04-03 13:50:13,293 INFO     ___FILE_ONLY___ Cloud Datastore Emulator                            
2021-04-03 13:50:13,293 INFO     ___FILE_ONLY___  
2021-04-03 13:50:13,293 INFO     ___FILE_ONLY___ │ 
2021-04-03 13:50:13,294 INFO     ___FILE_ONLY___ cloud-datastore-emulator
2021-04-03 13:50:13,294 INFO     ___FILE_ONLY___  
2021-04-03 13:50:13,294 INFO     ___FILE_ONLY___ │ 
2021-04-03 13:50:13,294 INFO     ___FILE_ONLY___ 18.4 MiB
2021-04-03 13:50:13,294 INFO     ___FILE_ONLY___  
2021-04-03 13:50:13,294 INFO     ___FILE_ONLY___ │
2021-04-03 13:50:13,294 INFO     ___FILE_ONLY___ 

2021-04-03 13:50:13,294 INFO     ___FILE_ONLY___ │ 
2021-04-03 13:50:13,294 INFO     ___FILE_ONLY___ Not Installed
2021-04-03 13:50:13,294 INFO     ___FILE_ONLY___  
2021-04-03 13:50:13,294 INFO     ___FILE_ONLY___ │ 
2021-04-03 13:50:13,294 INFO     ___FILE_ONLY___ Cloud Firestore Emulator                            
2021-04-03 13:50:13,294 INFO     ___FILE_ONLY___  
2021-04-03 13:50:13,294 INFO     ___FILE_ONLY___ │ 
2021-04-03 13:50:13,294 INFO     ___FILE_ONLY___ cloud-firestore-emulator
2021-04-03 13:50:13,294 INFO     ___FILE_ONLY___  
2021-04-03 13:50:13,294 INFO     ___FILE_ONLY___ │ 
2021-04-03 13:50:13,295 INFO     ___FILE_ONLY___ 41.6 MiB
2021-04-03 13:50:13,295 INFO     ___FILE_ONLY___  
2021-04-03 13:50:13,295 INFO     ___FILE_ONLY___ │
2021-04-03 13:50:13,295 INFO     ___FILE_ONLY___ 

2021-04-03 13:50:13,295 INFO     ___FILE_ONLY___ │ 
2021-04-03 13:50:13,295 INFO     ___FILE_ONLY___ Not Installed
2021-04-03 13:50:13,295 INFO     ___FILE_ONLY___  
2021-04-03 13:50:13,295 INFO     ___FILE_ONLY___ │ 
2021-04-03 13:50:13,295 INFO     ___FILE_ONLY___ Cloud Pub/Sub Emulator                              
2021-04-03 13:50:13,295 INFO     ___FILE_ONLY___  
2021-04-03 13:50:13,295 INFO     ___FILE_ONLY___ │ 
2021-04-03 13:50:13,295 INFO     ___FILE_ONLY___ pubsub-emulator         
2021-04-03 13:50:13,295 INFO     ___FILE_ONLY___  
2021-04-03 13:50:13,295 INFO     ___FILE_ONLY___ │ 
2021-04-03 13:50:13,295 INFO     ___FILE_ONLY___ 60.4 MiB
2021-04-03 13:50:13,295 INFO     ___FILE_ONLY___  
2021-04-03 13:50:13,295 INFO     ___FILE_ONLY___ │
2021-04-03 13:50:13,295 INFO     ___FILE_ONLY___ 

2021-04-03 13:50:13,295 INFO     ___FILE_ONLY___ │ 
2021-04-03 13:50:13,295 INFO     ___FILE_ONLY___ Not Installed
2021-04-03 13:50:13,296 INFO     ___FILE_ONLY___  
2021-04-03 13:50:13,296 INFO     ___FILE_ONLY___ │ 
2021-04-03 13:50:13,296 INFO     ___FILE_ONLY___ Cloud SQL Proxy                                     
2021-04-03 13:50:13,296 INFO     ___FILE_ONLY___  
2021-04-03 13:50:13,296 INFO     ___FILE_ONLY___ │ 
2021-04-03 13:50:13,296 INFO     ___FILE_ONLY___ cloud_sql_proxy         
2021-04-03 13:50:13,296 INFO     ___FILE_ONLY___  
2021-04-03 13:50:13,296 INFO     ___FILE_ONLY___ │ 
2021-04-03 13:50:13,296 INFO     ___FILE_ONLY___  7.6 MiB
2021-04-03 13:50:13,296 INFO     ___FILE_ONLY___  
2021-04-03 13:50:13,296 INFO     ___FILE_ONLY___ │
2021-04-03 13:50:13,296 INFO     ___FILE_ONLY___ 

2021-04-03 13:50:13,296 INFO     ___FILE_ONLY___ │ 
2021-04-03 13:50:13,296 INFO     ___FILE_ONLY___ Not Installed
2021-04-03 13:50:13,296 INFO     ___FILE_ONLY___  
2021-04-03 13:50:13,296 INFO     ___FILE_ONLY___ │ 
2021-04-03 13:50:13,296 INFO     ___FILE_ONLY___ Cloud Spanner Emulator                              
2021-04-03 13:50:13,296 INFO     ___FILE_ONLY___  
2021-04-03 13:50:13,297 INFO     ___FILE_ONLY___ │ 
2021-04-03 13:50:13,297 INFO     ___FILE_ONLY___ cloud-spanner-emulator  
2021-04-03 13:50:13,297 INFO     ___FILE_ONLY___  
2021-04-03 13:50:13,297 INFO     ___FILE_ONLY___ │ 
2021-04-03 13:50:13,297 INFO     ___FILE_ONLY___ 21.8 MiB
2021-04-03 13:50:13,297 INFO     ___FILE_ONLY___  
2021-04-03 13:50:13,297 INFO     ___FILE_ONLY___ │
2021-04-03 13:50:13,297 INFO     ___FILE_ONLY___ 

2021-04-03 13:50:13,297 INFO     ___FILE_ONLY___ │ 
2021-04-03 13:50:13,297 INFO     ___FILE_ONLY___ Not Installed
2021-04-03 13:50:13,297 INFO     ___FILE_ONLY___  
2021-04-03 13:50:13,298 INFO     ___FILE_ONLY___ │ 
2021-04-03 13:50:13,298 INFO     ___FILE_ONLY___ Emulator Reverse Proxy                              
2021-04-03 13:50:13,298 INFO     ___FILE_ONLY___  
2021-04-03 13:50:13,298 INFO     ___FILE_ONLY___ │ 
2021-04-03 13:50:13,298 INFO     ___FILE_ONLY___ emulator-reverse-proxy  
2021-04-03 13:50:13,298 INFO     ___FILE_ONLY___  
2021-04-03 13:50:13,298 INFO     ___FILE_ONLY___ │ 
2021-04-03 13:50:13,298 INFO     ___FILE_ONLY___ 14.5 MiB
2021-04-03 13:50:13,298 INFO     ___FILE_ONLY___  
2021-04-03 13:50:13,298 INFO     ___FILE_ONLY___ │
2021-04-03 13:50:13,298 INFO     ___FILE_ONLY___ 

2021-04-03 13:50:13,298 INFO     ___FILE_ONLY___ │ 
2021-04-03 13:50:13,298 INFO     ___FILE_ONLY___ Not Installed
2021-04-03 13:50:13,298 INFO     ___FILE_ONLY___  
2021-04-03 13:50:13,298 INFO     ___FILE_ONLY___ │ 
2021-04-03 13:50:13,298 INFO     ___FILE_ONLY___ Google Cloud Build Local Builder                    
2021-04-03 13:50:13,298 INFO     ___FILE_ONLY___  
2021-04-03 13:50:13,298 INFO     ___FILE_ONLY___ │ 
2021-04-03 13:50:13,298 INFO     ___FILE_ONLY___ cloud-build-local       
2021-04-03 13:50:13,299 INFO     ___FILE_ONLY___  
2021-04-03 13:50:13,299 INFO     ___FILE_ONLY___ │ 
2021-04-03 13:50:13,299 INFO     ___FILE_ONLY___  6.3 MiB
2021-04-03 13:50:13,299 INFO     ___FILE_ONLY___  
2021-04-03 13:50:13,299 INFO     ___FILE_ONLY___ │
2021-04-03 13:50:13,299 INFO     ___FILE_ONLY___ 

2021-04-03 13:50:13,299 INFO     ___FILE_ONLY___ │ 
2021-04-03 13:50:13,299 INFO     ___FILE_ONLY___ Not Installed
2021-04-03 13:50:13,299 INFO     ___FILE_ONLY___  
2021-04-03 13:50:13,299 INFO     ___FILE_ONLY___ │ 
2021-04-03 13:50:13,299 INFO     ___FILE_ONLY___ Google Container Registry's Docker credential helper
2021-04-03 13:50:13,299 INFO     ___FILE_ONLY___  
2021-04-03 13:50:13,300 INFO     ___FILE_ONLY___ │ 
2021-04-03 13:50:13,300 INFO     ___FILE_ONLY___ docker-credential-gcr   
2021-04-03 13:50:13,300 INFO     ___FILE_ONLY___  
2021-04-03 13:50:13,300 INFO     ___FILE_ONLY___ │ 
2021-04-03 13:50:13,300 INFO     ___FILE_ONLY___  1.8 MiB
2021-04-03 13:50:13,300 INFO     ___FILE_ONLY___  
2021-04-03 13:50:13,300 INFO     ___FILE_ONLY___ │
2021-04-03 13:50:13,300 INFO     ___FILE_ONLY___ 

2021-04-03 13:50:13,300 INFO     ___FILE_ONLY___ │ 
2021-04-03 13:50:13,300 INFO     ___FILE_ONLY___ Not Installed
2021-04-03 13:50:13,300 INFO     ___FILE_ONLY___  
2021-04-03 13:50:13,300 INFO     ___FILE_ONLY___ │ 
2021-04-03 13:50:13,300 INFO     ___FILE_ONLY___ Kustomize                                           
2021-04-03 13:50:13,300 INFO     ___FILE_ONLY___  
2021-04-03 13:50:13,300 INFO     ___FILE_ONLY___ │ 
2021-04-03 13:50:13,300 INFO     ___FILE_ONLY___ kustomize               
2021-04-03 13:50:13,300 INFO     ___FILE_ONLY___  
2021-04-03 13:50:13,300 INFO     ___FILE_ONLY___ │ 
2021-04-03 13:50:13,301 INFO     ___FILE_ONLY___ 25.9 MiB
2021-04-03 13:50:13,301 INFO     ___FILE_ONLY___  
2021-04-03 13:50:13,301 INFO     ___FILE_ONLY___ │
2021-04-03 13:50:13,301 INFO     ___FILE_ONLY___ 

2021-04-03 13:50:13,301 INFO     ___FILE_ONLY___ │ 
2021-04-03 13:50:13,301 INFO     ___FILE_ONLY___ Not Installed
2021-04-03 13:50:13,301 INFO     ___FILE_ONLY___  
2021-04-03 13:50:13,301 INFO     ___FILE_ONLY___ │ 
2021-04-03 13:50:13,301 INFO     ___FILE_ONLY___ Minikube                                            
2021-04-03 13:50:13,301 INFO     ___FILE_ONLY___  
2021-04-03 13:50:13,301 INFO     ___FILE_ONLY___ │ 
2021-04-03 13:50:13,301 INFO     ___FILE_ONLY___ minikube                
2021-04-03 13:50:13,301 INFO     ___FILE_ONLY___  
2021-04-03 13:50:13,301 INFO     ___FILE_ONLY___ │ 
2021-04-03 13:50:13,301 INFO     ___FILE_ONLY___ 23.9 MiB
2021-04-03 13:50:13,301 INFO     ___FILE_ONLY___  
2021-04-03 13:50:13,301 INFO     ___FILE_ONLY___ │
2021-04-03 13:50:13,302 INFO     ___FILE_ONLY___ 

2021-04-03 13:50:13,302 INFO     ___FILE_ONLY___ │ 
2021-04-03 13:50:13,302 INFO     ___FILE_ONLY___ Not Installed
2021-04-03 13:50:13,302 INFO     ___FILE_ONLY___  
2021-04-03 13:50:13,302 INFO     ___FILE_ONLY___ │ 
2021-04-03 13:50:13,302 INFO     ___FILE_ONLY___ Nomos CLI                                           
2021-04-03 13:50:13,302 INFO     ___FILE_ONLY___  
2021-04-03 13:50:13,302 INFO     ___FILE_ONLY___ │ 
2021-04-03 13:50:13,302 INFO     ___FILE_ONLY___ nomos                   
2021-04-03 13:50:13,302 INFO     ___FILE_ONLY___  
2021-04-03 13:50:13,302 INFO     ___FILE_ONLY___ │ 
2021-04-03 13:50:13,302 INFO     ___FILE_ONLY___ 20.2 MiB
2021-04-03 13:50:13,302 INFO     ___FILE_ONLY___  
2021-04-03 13:50:13,302 INFO     ___FILE_ONLY___ │
2021-04-03 13:50:13,302 INFO     ___FILE_ONLY___ 

2021-04-03 13:50:13,303 INFO     ___FILE_ONLY___ │ 
2021-04-03 13:50:13,303 INFO     ___FILE_ONLY___ Not Installed
2021-04-03 13:50:13,303 INFO     ___FILE_ONLY___  
2021-04-03 13:50:13,303 INFO     ___FILE_ONLY___ │ 
2021-04-03 13:50:13,303 INFO     ___FILE_ONLY___ On-Demand Scanning API extraction helper            
2021-04-03 13:50:13,303 INFO     ___FILE_ONLY___  
2021-04-03 13:50:13,303 INFO     ___FILE_ONLY___ │ 
2021-04-03 13:50:13,304 INFO     ___FILE_ONLY___ local-extract           
2021-04-03 13:50:13,304 INFO     ___FILE_ONLY___  
2021-04-03 13:50:13,304 INFO     ___FILE_ONLY___ │ 
2021-04-03 13:50:13,304 INFO     ___FILE_ONLY___ 13.5 MiB
2021-04-03 13:50:13,305 INFO     ___FILE_ONLY___  
2021-04-03 13:50:13,305 INFO     ___FILE_ONLY___ │
2021-04-03 13:50:13,305 INFO     ___FILE_ONLY___ 

2021-04-03 13:50:13,305 INFO     ___FILE_ONLY___ │ 
2021-04-03 13:50:13,306 INFO     ___FILE_ONLY___ Not Installed
2021-04-03 13:50:13,306 INFO     ___FILE_ONLY___  
2021-04-03 13:50:13,306 INFO     ___FILE_ONLY___ │ 
2021-04-03 13:50:13,306 INFO     ___FILE_ONLY___ Skaffold                                            
2021-04-03 13:50:13,306 INFO     ___FILE_ONLY___  
2021-04-03 13:50:13,306 INFO     ___FILE_ONLY___ │ 
2021-04-03 13:50:13,306 INFO     ___FILE_ONLY___ skaffold                
2021-04-03 13:50:13,306 INFO     ___FILE_ONLY___  
2021-04-03 13:50:13,306 INFO     ___FILE_ONLY___ │ 
2021-04-03 13:50:13,307 INFO     ___FILE_ONLY___ 16.6 MiB
2021-04-03 13:50:13,307 INFO     ___FILE_ONLY___  
2021-04-03 13:50:13,307 INFO     ___FILE_ONLY___ │
2021-04-03 13:50:13,307 INFO     ___FILE_ONLY___ 

2021-04-03 13:50:13,307 INFO     ___FILE_ONLY___ │ 
2021-04-03 13:50:13,307 INFO     ___FILE_ONLY___ Not Installed
2021-04-03 13:50:13,307 INFO     ___FILE_ONLY___  
2021-04-03 13:50:13,307 INFO     ___FILE_ONLY___ │ 
2021-04-03 13:50:13,307 INFO     ___FILE_ONLY___ anthos-auth                                         
2021-04-03 13:50:13,307 INFO     ___FILE_ONLY___  
2021-04-03 13:50:13,307 INFO     ___FILE_ONLY___ │ 
2021-04-03 13:50:13,308 INFO     ___FILE_ONLY___ anthos-auth             
2021-04-03 13:50:13,308 INFO     ___FILE_ONLY___  
2021-04-03 13:50:13,308 INFO     ___FILE_ONLY___ │ 
2021-04-03 13:50:13,308 INFO     ___FILE_ONLY___ 16.4 MiB
2021-04-03 13:50:13,308 INFO     ___FILE_ONLY___  
2021-04-03 13:50:13,308 INFO     ___FILE_ONLY___ │
2021-04-03 13:50:13,308 INFO     ___FILE_ONLY___ 

2021-04-03 13:50:13,308 INFO     ___FILE_ONLY___ │ 
2021-04-03 13:50:13,308 INFO     ___FILE_ONLY___ Not Installed
2021-04-03 13:50:13,308 INFO     ___FILE_ONLY___  
2021-04-03 13:50:13,308 INFO     ___FILE_ONLY___ │ 
2021-04-03 13:50:13,308 INFO     ___FILE_ONLY___ config-connector                                    
2021-04-03 13:50:13,309 INFO     ___FILE_ONLY___  
2021-04-03 13:50:13,309 INFO     ___FILE_ONLY___ │ 
2021-04-03 13:50:13,309 INFO     ___FILE_ONLY___ config-connector        
2021-04-03 13:50:13,309 INFO     ___FILE_ONLY___  
2021-04-03 13:50:13,309 INFO     ___FILE_ONLY___ │ 
2021-04-03 13:50:13,309 INFO     ___FILE_ONLY___ 43.6 MiB
2021-04-03 13:50:13,309 INFO     ___FILE_ONLY___  
2021-04-03 13:50:13,310 INFO     ___FILE_ONLY___ │
2021-04-03 13:50:13,310 INFO     ___FILE_ONLY___ 

2021-04-03 13:50:13,310 INFO     ___FILE_ONLY___ │ 
2021-04-03 13:50:13,311 INFO     ___FILE_ONLY___ Not Installed
2021-04-03 13:50:13,311 INFO     ___FILE_ONLY___  
2021-04-03 13:50:13,311 INFO     ___FILE_ONLY___ │ 
2021-04-03 13:50:13,312 INFO     ___FILE_ONLY___ gcloud app Java Extensions                          
2021-04-03 13:50:13,312 INFO     ___FILE_ONLY___  
2021-04-03 13:50:13,312 INFO     ___FILE_ONLY___ │ 
2021-04-03 13:50:13,312 INFO     ___FILE_ONLY___ app-engine-java         
2021-04-03 13:50:13,312 INFO     ___FILE_ONLY___  
2021-04-03 13:50:13,313 INFO     ___FILE_ONLY___ │ 
2021-04-03 13:50:13,313 INFO     ___FILE_ONLY___ 53.1 MiB
2021-04-03 13:50:13,313 INFO     ___FILE_ONLY___  
2021-04-03 13:50:13,313 INFO     ___FILE_ONLY___ │
2021-04-03 13:50:13,313 INFO     ___FILE_ONLY___ 

2021-04-03 13:50:13,313 INFO     ___FILE_ONLY___ │ 
2021-04-03 13:50:13,314 INFO     ___FILE_ONLY___ Not Installed
2021-04-03 13:50:13,314 INFO     ___FILE_ONLY___  
2021-04-03 13:50:13,314 INFO     ___FILE_ONLY___ │ 
2021-04-03 13:50:13,314 INFO     ___FILE_ONLY___ gcloud app Python Extensions                        
2021-04-03 13:50:13,314 INFO     ___FILE_ONLY___  
2021-04-03 13:50:13,314 INFO     ___FILE_ONLY___ │ 
2021-04-03 13:50:13,315 INFO     ___FILE_ONLY___ app-engine-python       
2021-04-03 13:50:13,315 INFO     ___FILE_ONLY___  
2021-04-03 13:50:13,315 INFO     ___FILE_ONLY___ │ 
2021-04-03 13:50:13,315 INFO     ___FILE_ONLY___  6.1 MiB
2021-04-03 13:50:13,315 INFO     ___FILE_ONLY___  
2021-04-03 13:50:13,315 INFO     ___FILE_ONLY___ │
2021-04-03 13:50:13,315 INFO     ___FILE_ONLY___ 

2021-04-03 13:50:13,315 INFO     ___FILE_ONLY___ │ 
2021-04-03 13:50:13,315 INFO     ___FILE_ONLY___ Not Installed
2021-04-03 13:50:13,315 INFO     ___FILE_ONLY___  
2021-04-03 13:50:13,315 INFO     ___FILE_ONLY___ │ 
2021-04-03 13:50:13,315 INFO     ___FILE_ONLY___ gcloud app Python Extensions (Extra Libraries)      
2021-04-03 13:50:13,315 INFO     ___FILE_ONLY___  
2021-04-03 13:50:13,315 INFO     ___FILE_ONLY___ │ 
2021-04-03 13:50:13,315 INFO     ___FILE_ONLY___ app-engine-python-extras
2021-04-03 13:50:13,315 INFO     ___FILE_ONLY___  
2021-04-03 13:50:13,316 INFO     ___FILE_ONLY___ │ 
2021-04-03 13:50:13,316 INFO     ___FILE_ONLY___ 27.1 MiB
2021-04-03 13:50:13,316 INFO     ___FILE_ONLY___  
2021-04-03 13:50:13,316 INFO     ___FILE_ONLY___ │
2021-04-03 13:50:13,316 INFO     ___FILE_ONLY___ 

2021-04-03 13:50:13,316 INFO     ___FILE_ONLY___ │ 
2021-04-03 13:50:13,316 INFO     ___FILE_ONLY___ Not Installed
2021-04-03 13:50:13,316 INFO     ___FILE_ONLY___  
2021-04-03 13:50:13,316 INFO     ___FILE_ONLY___ │ 
2021-04-03 13:50:13,316 INFO     ___FILE_ONLY___ kpt                                                 
2021-04-03 13:50:13,316 INFO     ___FILE_ONLY___  
2021-04-03 13:50:13,316 INFO     ___FILE_ONLY___ │ 
2021-04-03 13:50:13,316 INFO     ___FILE_ONLY___ kpt                     
2021-04-03 13:50:13,316 INFO     ___FILE_ONLY___  
2021-04-03 13:50:13,316 INFO     ___FILE_ONLY___ │ 
2021-04-03 13:50:13,316 INFO     ___FILE_ONLY___ 12.5 MiB
2021-04-03 13:50:13,316 INFO     ___FILE_ONLY___  
2021-04-03 13:50:13,316 INFO     ___FILE_ONLY___ │
2021-04-03 13:50:13,317 INFO     ___FILE_ONLY___ 

2021-04-03 13:50:13,317 INFO     ___FILE_ONLY___ │ 
2021-04-03 13:50:13,317 INFO     ___FILE_ONLY___ Not Installed
2021-04-03 13:50:13,317 INFO     ___FILE_ONLY___  
2021-04-03 13:50:13,317 INFO     ___FILE_ONLY___ │ 
2021-04-03 13:50:13,317 INFO     ___FILE_ONLY___ kubectl                                             
2021-04-03 13:50:13,317 INFO     ___FILE_ONLY___  
2021-04-03 13:50:13,317 INFO     ___FILE_ONLY___ │ 
2021-04-03 13:50:13,317 INFO     ___FILE_ONLY___ kubectl                 
2021-04-03 13:50:13,317 INFO     ___FILE_ONLY___  
2021-04-03 13:50:13,317 INFO     ___FILE_ONLY___ │ 
2021-04-03 13:50:13,317 INFO     ___FILE_ONLY___  < 1 MiB
2021-04-03 13:50:13,317 INFO     ___FILE_ONLY___  
2021-04-03 13:50:13,317 INFO     ___FILE_ONLY___ │
2021-04-03 13:50:13,317 INFO     ___FILE_ONLY___ 

2021-04-03 13:50:13,317 INFO     ___FILE_ONLY___ │ 
2021-04-03 13:50:13,318 INFO     ___FILE_ONLY___ Not Installed
2021-04-03 13:50:13,318 INFO     ___FILE_ONLY___  
2021-04-03 13:50:13,318 INFO     ___FILE_ONLY___ │ 
2021-04-03 13:50:13,318 INFO     ___FILE_ONLY___ kubectl-oidc                                        
2021-04-03 13:50:13,318 INFO     ___FILE_ONLY___  
2021-04-03 13:50:13,318 INFO     ___FILE_ONLY___ │ 
2021-04-03 13:50:13,318 INFO     ___FILE_ONLY___ kubectl-oidc            
2021-04-03 13:50:13,318 INFO     ___FILE_ONLY___  
2021-04-03 13:50:13,318 INFO     ___FILE_ONLY___ │ 
2021-04-03 13:50:13,318 INFO     ___FILE_ONLY___ 16.4 MiB
2021-04-03 13:50:13,318 INFO     ___FILE_ONLY___  
2021-04-03 13:50:13,318 INFO     ___FILE_ONLY___ │
2021-04-03 13:50:13,319 INFO     ___FILE_ONLY___ 

2021-04-03 13:50:13,319 INFO     ___FILE_ONLY___ │ 
2021-04-03 13:50:13,319 INFO     ___FILE_ONLY___ Not Installed
2021-04-03 13:50:13,319 INFO     ___FILE_ONLY___  
2021-04-03 13:50:13,319 INFO     ___FILE_ONLY___ │ 
2021-04-03 13:50:13,319 INFO     ___FILE_ONLY___ pkg                                                 
2021-04-03 13:50:13,319 INFO     ___FILE_ONLY___  
2021-04-03 13:50:13,319 INFO     ___FILE_ONLY___ │ 
2021-04-03 13:50:13,319 INFO     ___FILE_ONLY___ pkg                     
2021-04-03 13:50:13,320 INFO     ___FILE_ONLY___  
2021-04-03 13:50:13,320 INFO     ___FILE_ONLY___ │ 
2021-04-03 13:50:13,320 INFO     ___FILE_ONLY___         
2021-04-03 13:50:13,320 INFO     ___FILE_ONLY___  
2021-04-03 13:50:13,321 INFO     ___FILE_ONLY___ │
2021-04-03 13:50:13,321 INFO     ___FILE_ONLY___ 

2021-04-03 13:50:13,321 INFO     ___FILE_ONLY___ │ 
2021-04-03 13:50:13,321 INFO     ___FILE_ONLY___ Installed    
2021-04-03 13:50:13,321 INFO     ___FILE_ONLY___  
2021-04-03 13:50:13,321 INFO     ___FILE_ONLY___ │ 
2021-04-03 13:50:13,321 INFO     ___FILE_ONLY___ BigQuery Command Line Tool                          
2021-04-03 13:50:13,321 INFO     ___FILE_ONLY___  
2021-04-03 13:50:13,321 INFO     ___FILE_ONLY___ │ 
2021-04-03 13:50:13,322 INFO     ___FILE_ONLY___ bq                      
2021-04-03 13:50:13,322 INFO     ___FILE_ONLY___  
2021-04-03 13:50:13,322 INFO     ___FILE_ONLY___ │ 
2021-04-03 13:50:13,322 INFO     ___FILE_ONLY___  < 1 MiB
2021-04-03 13:50:13,322 INFO     ___FILE_ONLY___  
2021-04-03 13:50:13,322 INFO     ___FILE_ONLY___ │
2021-04-03 13:50:13,322 INFO     ___FILE_ONLY___ 

2021-04-03 13:50:13,322 INFO     ___FILE_ONLY___ │ 
2021-04-03 13:50:13,322 INFO     ___FILE_ONLY___ Installed    
2021-04-03 13:50:13,322 INFO     ___FILE_ONLY___  
2021-04-03 13:50:13,322 INFO     ___FILE_ONLY___ │ 
2021-04-03 13:50:13,322 INFO     ___FILE_ONLY___ Cloud SDK Core Libraries                            
2021-04-03 13:50:13,322 INFO     ___FILE_ONLY___  
2021-04-03 13:50:13,323 INFO     ___FILE_ONLY___ │ 
2021-04-03 13:50:13,323 INFO     ___FILE_ONLY___ core                    
2021-04-03 13:50:13,323 INFO     ___FILE_ONLY___  
2021-04-03 13:50:13,323 INFO     ___FILE_ONLY___ │ 
2021-04-03 13:50:13,323 INFO     ___FILE_ONLY___ 17.8 MiB
2021-04-03 13:50:13,323 INFO     ___FILE_ONLY___  
2021-04-03 13:50:13,323 INFO     ___FILE_ONLY___ │
2021-04-03 13:50:13,323 INFO     ___FILE_ONLY___ 

2021-04-03 13:50:13,323 INFO     ___FILE_ONLY___ │ 
2021-04-03 13:50:13,323 INFO     ___FILE_ONLY___ Installed    
2021-04-03 13:50:13,323 INFO     ___FILE_ONLY___  
2021-04-03 13:50:13,323 INFO     ___FILE_ONLY___ │ 
2021-04-03 13:50:13,323 INFO     ___FILE_ONLY___ Cloud Storage Command Line Tool                     
2021-04-03 13:50:13,324 INFO     ___FILE_ONLY___  
2021-04-03 13:50:13,324 INFO     ___FILE_ONLY___ │ 
2021-04-03 13:50:13,324 INFO     ___FILE_ONLY___ gsutil                  
2021-04-03 13:50:13,324 INFO     ___FILE_ONLY___  
2021-04-03 13:50:13,324 INFO     ___FILE_ONLY___ │ 
2021-04-03 13:50:13,324 INFO     ___FILE_ONLY___  3.9 MiB
2021-04-03 13:50:13,324 INFO     ___FILE_ONLY___  
2021-04-03 13:50:13,324 INFO     ___FILE_ONLY___ │
2021-04-03 13:50:13,324 INFO     ___FILE_ONLY___ 

2021-04-03 13:50:13,325 INFO     ___FILE_ONLY___ │ 
2021-04-03 13:50:13,325 INFO     ___FILE_ONLY___ Installed    
2021-04-03 13:50:13,325 INFO     ___FILE_ONLY___  
2021-04-03 13:50:13,325 INFO     ___FILE_ONLY___ │ 
2021-04-03 13:50:13,325 INFO     ___FILE_ONLY___ gcloud Alpha Commands                               
2021-04-03 13:50:13,326 INFO     ___FILE_ONLY___  
2021-04-03 13:50:13,326 INFO     ___FILE_ONLY___ │ 
2021-04-03 13:50:13,326 INFO     ___FILE_ONLY___ alpha                   
2021-04-03 13:50:13,326 INFO     ___FILE_ONLY___  
2021-04-03 13:50:13,326 INFO     ___FILE_ONLY___ │ 
2021-04-03 13:50:13,326 INFO     ___FILE_ONLY___  < 1 MiB
2021-04-03 13:50:13,326 INFO     ___FILE_ONLY___  
2021-04-03 13:50:13,327 INFO     ___FILE_ONLY___ │
2021-04-03 13:50:13,327 INFO     ___FILE_ONLY___ 

2021-04-03 13:50:13,327 INFO     ___FILE_ONLY___ │ 
2021-04-03 13:50:13,327 INFO     ___FILE_ONLY___ Installed    
2021-04-03 13:50:13,327 INFO     ___FILE_ONLY___  
2021-04-03 13:50:13,327 INFO     ___FILE_ONLY___ │ 
2021-04-03 13:50:13,328 INFO     ___FILE_ONLY___ gcloud Beta Commands                                
2021-04-03 13:50:13,328 INFO     ___FILE_ONLY___  
2021-04-03 13:50:13,328 INFO     ___FILE_ONLY___ │ 
2021-04-03 13:50:13,328 INFO     ___FILE_ONLY___ beta                    
2021-04-03 13:50:13,328 INFO     ___FILE_ONLY___  
2021-04-03 13:50:13,328 INFO     ___FILE_ONLY___ │ 
2021-04-03 13:50:13,329 INFO     ___FILE_ONLY___  < 1 MiB
2021-04-03 13:50:13,329 INFO     ___FILE_ONLY___  
2021-04-03 13:50:13,329 INFO     ___FILE_ONLY___ │
2021-04-03 13:50:13,329 INFO     ___FILE_ONLY___ 

2021-04-03 13:50:13,329 INFO     ___FILE_ONLY___ └───────────────┴──────────────────────────────────────────────────────┴──────────────────────────┴──────────┘
2021-04-03 13:50:13,329 INFO     ___FILE_ONLY___ 

2021-04-03 13:50:13,329 INFO     ___FILE_ONLY___ To install or remove components at your current SDK version [334.0.0], run:
  $ gcloud components install COMPONENT_ID
  $ gcloud components remove COMPONENT_ID

To update your SDK installation to the latest version [334.0.0], run:
  $ gcloud components update


